<?xml version="1.0" encoding="UTF-8"?>
<testng-results ignored="0" total="1" passed="1" failed="0" skipped="0">
  <reporter-output>
  </reporter-output>
  <suite started-at="2024-03-19T16:00:18 IST" name="Default suite" finished-at="2024-03-19T16:01:46 IST" duration-ms="88741">
    <groups>
    </groups>
    <test started-at="2024-03-19T16:00:18 IST" name="Default test" finished-at="2024-03-19T16:01:46 IST" duration-ms="88741">
      <class name="LinkedINChallenge.day12_WebPageWithMaxLinks">
        <test-method signature="maxLink()[pri:0, instance:LinkedINChallenge.day12_WebPageWithMaxLinks@35cabb2a]" started-at="2024-03-19T16:00:18 IST" name="maxLink" finished-at="2024-03-19T16:01:46 IST" duration-ms="88554" status="PASS">
          <reporter-output>
          </reporter-output>
        </test-method> <!-- maxLink -->
      </class> <!-- LinkedINChallenge.day12_WebPageWithMaxLinks -->
    </test> <!-- Default test -->
  </suite> <!-- Default suite -->
</testng-results>
